2024-06-27 22:16:23,638 - INFO - Processing data USPTO_unbalance with 4 cpus
2024-06-27 22:16:36,775 - INFO - Fixing hydrogen for batch 1/41.
2024-06-27 22:16:54,981 - INFO - Fixing hydrogen for batch 2/41.
2024-06-27 22:17:13,232 - INFO - Fixing hydrogen for batch 3/41.
2024-06-27 22:17:32,610 - INFO - Fixing hydrogen for batch 4/41.
2024-06-27 22:17:51,034 - INFO - Fixing hydrogen for batch 5/41.
2024-06-27 22:18:09,569 - INFO - Fixing hydrogen for batch 6/41.
2024-06-27 22:18:27,823 - INFO - Fixing hydrogen for batch 7/41.
2024-06-27 22:18:46,558 - INFO - Fixing hydrogen for batch 8/41.
2024-06-27 22:19:04,922 - INFO - Fixing hydrogen for batch 9/41.
2024-06-27 22:19:28,213 - INFO - Fixing hydrogen for batch 10/41.
2024-06-27 22:19:47,891 - INFO - Fixing hydrogen for batch 11/41.
2024-06-27 22:20:06,328 - INFO - Fixing hydrogen for batch 12/41.
2024-06-27 22:20:26,121 - INFO - Fixing hydrogen for batch 13/41.
2024-06-27 22:20:48,094 - INFO - Fixing hydrogen for batch 14/41.
2024-06-27 22:21:10,499 - INFO - Fixing hydrogen for batch 15/41.
2024-06-27 22:21:33,125 - INFO - Fixing hydrogen for batch 16/41.
2024-06-27 22:21:52,020 - INFO - Fixing hydrogen for batch 17/41.
2024-06-27 22:22:15,384 - INFO - Fixing hydrogen for batch 18/41.
2024-06-27 22:22:34,598 - INFO - Fixing hydrogen for batch 19/41.
2024-06-27 22:22:56,216 - INFO - Fixing hydrogen for batch 20/41.
2024-06-27 22:23:18,205 - INFO - Fixing hydrogen for batch 21/41.
2024-06-27 22:23:37,648 - INFO - Fixing hydrogen for batch 22/41.
2024-06-27 22:23:58,893 - INFO - Fixing hydrogen for batch 23/41.
2024-06-27 22:24:18,372 - INFO - Fixing hydrogen for batch 24/41.
2024-06-27 22:24:37,853 - INFO - Fixing hydrogen for batch 25/41.
2024-06-27 22:24:57,358 - INFO - Fixing hydrogen for batch 26/41.
2024-06-27 22:25:19,854 - INFO - Fixing hydrogen for batch 27/41.
2024-06-27 22:25:38,655 - INFO - Fixing hydrogen for batch 28/41.
2024-06-27 22:25:58,370 - INFO - Fixing hydrogen for batch 29/41.
2024-06-27 22:26:16,548 - INFO - Fixing hydrogen for batch 30/41.
2024-06-27 22:26:36,211 - INFO - Fixing hydrogen for batch 31/41.
2024-06-27 22:26:55,202 - INFO - Fixing hydrogen for batch 32/41.
2024-06-27 22:27:15,453 - INFO - Fixing hydrogen for batch 33/41.
2024-06-27 22:27:34,192 - INFO - Fixing hydrogen for batch 34/41.
2024-06-27 22:27:53,676 - INFO - Fixing hydrogen for batch 35/41.
2024-06-27 22:28:13,190 - INFO - Fixing hydrogen for batch 36/41.
2024-06-27 22:28:32,189 - INFO - Fixing hydrogen for batch 37/41.
2024-06-27 22:28:53,273 - INFO - Fixing hydrogen for batch 38/41.
2024-06-27 22:29:14,772 - INFO - Fixing hydrogen for batch 39/41.
2024-06-27 22:29:38,842 - INFO - Fixing hydrogen for batch 40/41.
2024-06-27 22:29:42,371 - INFO - Fixing hydrogen for batch 41/41.
2024-06-27 22:30:47,610 - INFO - Combining and save data
2024-06-27 22:30:47,611 - INFO - Number of correct mappers:27577
2024-06-27 22:30:47,611 - INFO - Number of incorrect mappers:9512
2024-06-27 22:30:47,611 - INFO - Number of uncertain hydrogen:2923
2024-06-27 22:31:18,010 - INFO - Execution time: 894.37 seconds
