2024-06-25 08:58:01,909 - INFO - Processing data USPTO_balance with 4 cpus
2024-06-25 08:58:10,510 - INFO - Fixing hydrogen for batch 1/41.
2024-06-25 08:58:24,890 - INFO - Fixing hydrogen for batch 2/41.
2024-06-25 08:58:41,024 - INFO - Fixing hydrogen for batch 3/41.
2024-06-25 08:58:57,364 - INFO - Fixing hydrogen for batch 4/41.
2024-06-25 08:59:28,218 - INFO - Fixing hydrogen for batch 5/41.
2024-06-25 08:59:42,362 - INFO - Fixing hydrogen for batch 6/41.
2024-06-25 09:00:00,112 - INFO - Fixing hydrogen for batch 7/41.
2024-06-25 09:00:16,945 - INFO - Fixing hydrogen for batch 8/41.
2024-06-25 09:00:31,653 - INFO - Fixing hydrogen for batch 9/41.
2024-06-25 09:00:59,320 - INFO - Fixing hydrogen for batch 10/41.
2024-06-25 09:01:14,753 - INFO - Fixing hydrogen for batch 11/41.
2024-06-25 09:01:30,425 - INFO - Fixing hydrogen for batch 12/41.
2024-06-25 09:01:45,238 - INFO - Fixing hydrogen for batch 13/41.
2024-06-25 09:02:00,173 - INFO - Fixing hydrogen for batch 14/41.
2024-06-25 09:02:17,687 - INFO - Fixing hydrogen for batch 15/41.
2024-06-25 09:02:35,650 - INFO - Fixing hydrogen for batch 16/41.
2024-06-25 09:02:51,374 - INFO - Fixing hydrogen for batch 17/41.
2024-06-25 09:03:08,713 - INFO - Fixing hydrogen for batch 18/41.
2024-06-25 09:03:25,082 - INFO - Fixing hydrogen for batch 19/41.
2024-06-25 09:03:40,441 - INFO - Fixing hydrogen for batch 20/41.
2024-06-25 09:03:56,796 - INFO - Fixing hydrogen for batch 21/41.
2024-06-25 09:04:12,166 - INFO - Fixing hydrogen for batch 22/41.
2024-06-25 09:04:27,703 - INFO - Fixing hydrogen for batch 23/41.
2024-06-25 09:04:45,005 - INFO - Fixing hydrogen for batch 24/41.
2024-06-25 09:04:58,841 - INFO - Fixing hydrogen for batch 25/41.
2024-06-25 09:05:14,692 - INFO - Fixing hydrogen for batch 26/41.
2024-06-25 09:05:29,991 - INFO - Fixing hydrogen for batch 27/41.
2024-06-25 09:05:43,656 - INFO - Fixing hydrogen for batch 28/41.
2024-06-25 09:05:57,905 - INFO - Fixing hydrogen for batch 29/41.
2024-06-25 09:06:12,887 - INFO - Fixing hydrogen for batch 30/41.
2024-06-25 09:06:27,649 - INFO - Fixing hydrogen for batch 31/41.
2024-06-25 09:06:42,950 - INFO - Fixing hydrogen for batch 32/41.
2024-06-25 09:06:58,385 - INFO - Fixing hydrogen for batch 33/41.
2024-06-25 09:07:13,270 - INFO - Fixing hydrogen for batch 34/41.
2024-06-25 09:07:29,521 - INFO - Fixing hydrogen for batch 35/41.
2024-06-25 09:07:44,116 - INFO - Fixing hydrogen for batch 36/41.
2024-06-25 09:07:57,989 - INFO - Fixing hydrogen for batch 37/41.
2024-06-25 09:08:13,116 - INFO - Fixing hydrogen for batch 38/41.
2024-06-25 09:08:29,922 - INFO - Fixing hydrogen for batch 39/41.
2024-06-25 09:08:48,527 - INFO - Fixing hydrogen for batch 40/41.
2024-06-25 09:08:54,046 - INFO - Fixing hydrogen for batch 41/41.
2024-06-25 09:09:49,063 - INFO - Combining and save data
2024-06-25 09:09:49,063 - INFO - Number of correct mappers:33700
2024-06-25 09:09:49,063 - INFO - Number of incorrect mappers:5412
2024-06-25 09:09:49,063 - INFO - Number of uncertain hydrogen:900
2024-06-25 09:10:19,197 - INFO - Execution time: 737.29 seconds
