2024-03-14 15:40:57,118 - INFO - Processing data golden with 4 cpus
2024-03-14 15:41:01,355 - INFO - Fixing hydrogen for batch 1/2.
2024-03-14 15:41:06,113 - INFO - Fixing hydrogen for batch 2/2.
2024-03-14 15:41:09,481 - INFO - Combining and save data
2024-03-14 15:41:09,481 - INFO - Number of correct mappers:341
2024-03-14 15:41:09,482 - INFO - Number of incorrect mappers:1504
2024-03-14 15:41:09,482 - INFO - Number of uncertain hydrogen:6
2024-03-14 15:41:11,623 - INFO - Curating incorrect mappings.
2024-03-14 15:41:11,624 - INFO - Processing batch 1/4
2024-03-14 15:41:21,053 - INFO - Processing batch 2/4
2024-03-14 15:41:21,939 - INFO - Processing batch 3/4
2024-03-14 15:41:26,370 - INFO - Processing batch 4/4
2024-03-14 15:41:26,401 - INFO - incorrect mappings fixed: 101
2024-03-14 15:41:26,406 - INFO - Data all for alignment: 442
2024-03-14 15:41:26,406 - INFO - Clustering ITS graphs.
2024-03-14 15:41:27,290 - INFO - Number of clusters: naive_cluster
17     45
7      18
8      16
10     15
49     11
       ..
93      1
94      1
95      1
96      1
219     1
Name: count, Length: 220, dtype: int64
2024-03-14 15:41:27,290 - INFO - Execution time: 30.17 seconds
