2024-04-04 16:15:18,373 - INFO - Processing data jaworski with 4 cpus
2024-04-04 16:15:19,441 - INFO - Fixing hydrogen for batch 1/1.
2024-04-04 16:15:19,772 - INFO - Combining and save data
2024-04-04 16:15:19,772 - INFO - Number of correct mappers:69
2024-04-04 16:15:19,772 - INFO - Number of incorrect mappers:85
2024-04-04 16:15:19,772 - INFO - Number of uncertain hydrogen:0
2024-04-04 16:15:19,934 - INFO - Curating incorrect mappings.
2024-04-04 16:15:19,935 - INFO - Processing batch 1/1
2024-04-04 16:15:20,465 - INFO - incorrect mappings fixed: 14
2024-04-04 16:15:20,467 - INFO - Data all for alignment: 83
2024-04-04 16:15:20,467 - INFO - Clustering ITS graphs.
2024-04-04 16:15:20,527 - INFO - Number of clusters: naive_cluster
4     16
5      9
13     7
10     3
0      3
28     2
31     2
11     2
6      2
43     1
35     1
29     1
30     1
32     1
33     1
34     1
37     1
36     1
38     1
26     1
39     1
44     1
40     1
41     1
42     1
27     1
23     1
25     1
15     1
2      1
3      1
7      1
8      1
9      1
12     1
14     1
16     1
24     1
17     1
18     1
19     1
20     1
21     1
22     1
1      1
45     1
Name: count, dtype: int64
2024-04-04 16:15:20,527 - INFO - Execution time: 2.15 seconds
