2024-05-15 14:59:24,447 - Top 1 accuracy for MaxFrag: 62.71
2024-05-15 14:59:24,625 - Top 3 accuracy for MaxFrag: 94.92
2024-05-15 14:59:24,802 - Top 5 accuracy for MaxFrag: 96.61
2024-05-15 14:59:24,983 - Top 10 accuracy for MaxFrag: 98.31
2024-05-15 14:59:25,080 - Top 1 accuracy for ECFP6: 84.75
2024-05-15 14:59:25,202 - Top 3 accuracy for ECFP6: 98.31
2024-05-15 14:59:25,324 - Top 5 accuracy for ECFP6: 100.0
2024-05-15 14:59:25,445 - Top 10 accuracy for ECFP6: 100.0
2024-05-15 14:59:25,658 - Top 1 accuracy for MACCS: 83.05
2024-05-15 14:59:25,879 - Top 3 accuracy for MACCS: 96.61
2024-05-15 14:59:26,100 - Top 5 accuracy for MACCS: 96.61
2024-05-15 14:59:26,327 - Top 10 accuracy for MACCS: 98.31
2024-05-15 14:59:26,589 - Top 1 accuracy for RDK7: 62.71
2024-05-15 14:59:26,890 - Top 3 accuracy for RDK7: 98.31
2024-05-15 14:59:27,185 - Top 5 accuracy for RDK7: 98.31
2024-05-15 14:59:27,489 - Top 10 accuracy for RDK7: 100.0
2024-05-15 14:59:27,493 - Results Matrix:
Top K             Top 1  Top 10  Top 3   Top 5
Scoring Function                              
ECFP6             84.75  100.00  98.31  100.00
MACCS             83.05   98.31  96.61   96.61
MaxFrag           62.71   98.31  94.92   96.61
RDK7              62.71  100.00  98.31   98.31
2024-05-29 16:22:24,548 - Top 1 accuracy for MaxFrag: 71.19
2024-05-29 16:22:24,729 - Top 3 accuracy for MaxFrag: 100.0
2024-05-29 16:22:24,915 - Top 5 accuracy for MaxFrag: 100.0
2024-05-29 16:22:25,084 - Top 10 accuracy for MaxFrag: 100.0
2024-05-29 16:22:25,182 - Top 1 accuracy for ECFP6: 86.44
2024-05-29 16:22:25,288 - Top 3 accuracy for ECFP6: 98.31
2024-05-29 16:22:25,396 - Top 5 accuracy for ECFP6: 100.0
2024-05-29 16:22:25,515 - Top 10 accuracy for ECFP6: 100.0
2024-05-29 16:22:25,742 - Top 1 accuracy for MACCS: 84.75
2024-05-29 16:22:25,988 - Top 3 accuracy for MACCS: 96.61
2024-05-29 16:22:26,231 - Top 5 accuracy for MACCS: 96.61
2024-05-29 16:22:26,531 - Top 10 accuracy for MACCS: 98.31
2024-05-29 16:22:26,886 - Top 1 accuracy for RDK7: 64.41
2024-05-29 16:22:27,202 - Top 3 accuracy for RDK7: 98.31
2024-05-29 16:22:27,508 - Top 5 accuracy for RDK7: 98.31
2024-05-29 16:22:27,834 - Top 10 accuracy for RDK7: 100.0
2024-05-29 16:22:27,848 - Results Matrix:
Top K             Top 1  Top 10   Top 3   Top 5
Scoring Function                               
ECFP6             86.44  100.00   98.31  100.00
MACCS             84.75   98.31   96.61   96.61
MaxFrag           71.19  100.00  100.00  100.00
RDK7              64.41  100.00   98.31   98.31
2024-05-29 16:23:56,702 - Top 1 accuracy for MaxFrag: 15.25
2024-05-29 16:23:58,137 - Top 3 accuracy for MaxFrag: 37.29
2024-05-29 16:23:59,673 - Top 5 accuracy for MaxFrag: 44.07
2024-05-29 16:24:01,315 - Top 10 accuracy for MaxFrag: 61.02
2024-05-29 16:24:01,982 - Top 1 accuracy for ECFP6: 16.95
2024-05-29 16:24:02,704 - Top 3 accuracy for ECFP6: 27.12
2024-05-29 16:24:03,450 - Top 5 accuracy for ECFP6: 32.2
2024-05-29 16:24:04,297 - Top 10 accuracy for ECFP6: 62.71
2024-05-29 16:24:06,584 - Top 1 accuracy for MACCS: 18.64
2024-05-29 16:24:08,837 - Top 3 accuracy for MACCS: 28.81
2024-05-29 16:24:11,234 - Top 5 accuracy for MACCS: 42.37
2024-05-29 16:24:13,755 - Top 10 accuracy for MACCS: 62.71
2024-05-29 16:24:17,010 - Top 1 accuracy for RDK7: 25.42
2024-05-29 16:24:20,312 - Top 3 accuracy for RDK7: 40.68
2024-05-29 16:24:23,637 - Top 5 accuracy for RDK7: 47.46
2024-05-29 16:24:26,940 - Top 10 accuracy for RDK7: 62.71
2024-05-29 16:24:26,946 - Results Matrix:
Top K             Top 1  Top 10  Top 3  Top 5
Scoring Function                             
ECFP6             16.95   62.71  27.12  32.20
MACCS             18.64   62.71  28.81  42.37
MaxFrag           15.25   61.02  37.29  44.07
RDK7              25.42   62.71  40.68  47.46
2024-05-29 16:31:39,980 - Top 1 accuracy for MaxFrag: 18.64
2024-05-29 16:31:41,505 - Top 3 accuracy for MaxFrag: 35.59
2024-05-29 16:31:43,080 - Top 5 accuracy for MaxFrag: 50.85
2024-05-29 16:31:44,656 - Top 10 accuracy for MaxFrag: 76.27
2024-05-29 16:31:45,397 - Top 1 accuracy for ECFP6: 16.95
2024-05-29 16:31:46,197 - Top 3 accuracy for ECFP6: 27.12
2024-05-29 16:31:47,008 - Top 5 accuracy for ECFP6: 32.2
2024-05-29 16:31:47,910 - Top 10 accuracy for ECFP6: 62.71
2024-05-29 16:31:50,312 - Top 1 accuracy for MACCS: 16.95
2024-05-29 16:31:52,760 - Top 3 accuracy for MACCS: 27.12
2024-05-29 16:31:55,215 - Top 5 accuracy for MACCS: 40.68
2024-05-29 16:31:57,988 - Top 10 accuracy for MACCS: 62.71
2024-05-29 16:32:01,264 - Top 1 accuracy for RDK7: 23.73
2024-05-29 16:32:04,768 - Top 3 accuracy for RDK7: 40.68
2024-05-29 16:32:08,081 - Top 5 accuracy for RDK7: 47.46
2024-05-29 16:32:11,547 - Top 10 accuracy for RDK7: 62.71
2024-05-29 16:32:11,552 - Results Matrix:
Top K             Top 1  Top 10  Top 3  Top 5
Scoring Function                             
ECFP6             16.95   62.71  27.12  32.20
MACCS             16.95   62.71  27.12  40.68
MaxFrag           18.64   76.27  35.59  50.85
RDK7              23.73   62.71  40.68  47.46
2024-05-30 09:56:01,987 - Top 1 accuracy for MaxFrag: 16.95
2024-05-30 09:56:03,957 - Top 3 accuracy for MaxFrag: 33.9
2024-05-30 09:56:05,980 - Top 5 accuracy for MaxFrag: 44.07
2024-05-30 09:56:08,180 - Top 10 accuracy for MaxFrag: 72.88
2024-05-30 09:56:09,097 - Top 1 accuracy for ECFP6: 16.95
2024-05-30 09:56:10,090 - Top 3 accuracy for ECFP6: 27.12
2024-05-30 09:56:11,119 - Top 5 accuracy for ECFP6: 32.2
2024-05-30 09:56:12,261 - Top 10 accuracy for ECFP6: 62.71
2024-05-30 09:56:15,223 - Top 1 accuracy for MACCS: 18.64
2024-05-30 09:56:18,184 - Top 3 accuracy for MACCS: 27.12
2024-05-30 09:56:21,382 - Top 5 accuracy for MACCS: 40.68
2024-05-30 09:56:25,204 - Top 10 accuracy for MACCS: 61.02
2024-05-30 09:56:28,736 - Top 1 accuracy for RDK7: 23.73
2024-05-30 09:56:32,722 - Top 3 accuracy for RDK7: 40.68
2024-05-30 09:56:37,205 - Top 5 accuracy for RDK7: 47.46
2024-05-30 09:56:41,709 - Top 10 accuracy for RDK7: 62.71
2024-05-30 09:56:41,716 - Results Matrix:
Top K             Top 1  Top 10  Top 3  Top 5
Scoring Function                             
ECFP6             16.95   62.71  27.12  32.20
MACCS             18.64   61.02  27.12  40.68
MaxFrag           16.95   72.88  33.90  44.07
RDK7              23.73   62.71  40.68  47.46
2024-05-30 10:08:14,213 - Top 1 accuracy for MaxFrag: 23.73
2024-05-30 10:08:16,256 - Top 3 accuracy for MaxFrag: 37.29
2024-05-30 10:08:18,458 - Top 5 accuracy for MaxFrag: 49.15
2024-05-30 10:08:20,833 - Top 10 accuracy for MaxFrag: 71.19
2024-05-30 10:08:21,572 - Top 1 accuracy for ECFP6: 16.95
2024-05-30 10:08:22,398 - Top 3 accuracy for ECFP6: 27.12
2024-05-30 10:08:23,409 - Top 5 accuracy for ECFP6: 32.2
2024-05-30 10:08:24,413 - Top 10 accuracy for ECFP6: 61.02
2024-05-30 10:08:26,965 - Top 1 accuracy for MACCS: 18.64
2024-05-30 10:08:29,516 - Top 3 accuracy for MACCS: 25.42
2024-05-30 10:08:32,224 - Top 5 accuracy for MACCS: 40.68
2024-05-30 10:08:34,829 - Top 10 accuracy for MACCS: 61.02
2024-05-30 10:08:38,437 - Top 1 accuracy for RDK7: 23.73
2024-05-30 10:08:42,148 - Top 3 accuracy for RDK7: 40.68
2024-05-30 10:08:46,047 - Top 5 accuracy for RDK7: 47.46
2024-05-30 10:08:49,691 - Top 10 accuracy for RDK7: 62.71
2024-05-30 10:08:49,697 - Results Matrix:
Top K             Top 1  Top 10  Top 3  Top 5
Scoring Function                             
ECFP6             16.95   61.02  27.12  32.20
MACCS             18.64   61.02  25.42  40.68
MaxFrag           23.73   71.19  37.29  49.15
RDK7              23.73   62.71  40.68  47.46
2024-05-30 10:16:31,619 - Top 1 accuracy for MaxFrag: 22.03
2024-05-30 10:16:33,760 - Top 3 accuracy for MaxFrag: 40.68
2024-05-30 10:16:35,966 - Top 5 accuracy for MaxFrag: 50.85
2024-05-30 10:16:37,740 - Top 10 accuracy for MaxFrag: 71.19
2024-05-30 10:16:38,539 - Top 1 accuracy for ECFP6: 16.95
2024-05-30 10:16:39,304 - Top 3 accuracy for ECFP6: 27.12
2024-05-30 10:16:40,175 - Top 5 accuracy for ECFP6: 32.2
2024-05-30 10:16:41,105 - Top 10 accuracy for ECFP6: 62.71
2024-05-30 10:16:43,671 - Top 1 accuracy for MACCS: 16.95
2024-05-30 10:16:46,225 - Top 3 accuracy for MACCS: 25.42
2024-05-30 10:16:48,838 - Top 5 accuracy for MACCS: 40.68
2024-05-30 10:16:51,406 - Top 10 accuracy for MACCS: 61.02
2024-05-30 10:16:55,148 - Top 1 accuracy for RDK7: 23.73
2024-05-30 10:16:59,026 - Top 3 accuracy for RDK7: 40.68
2024-05-30 10:17:03,501 - Top 5 accuracy for RDK7: 47.46
2024-05-30 10:17:07,990 - Top 10 accuracy for RDK7: 62.71
2024-05-30 10:17:07,997 - Results Matrix:
Top K             Top 1  Top 10  Top 3  Top 5
Scoring Function                             
ECFP6             16.95   62.71  27.12  32.20
MACCS             16.95   61.02  25.42  40.68
MaxFrag           22.03   71.19  40.68  50.85
RDK7              23.73   62.71  40.68  47.46
2024-05-30 10:41:54,442 - Top 1 accuracy for MaxFrag: 18.64
2024-05-30 10:41:56,657 - Top 3 accuracy for MaxFrag: 35.59
2024-05-30 10:41:58,860 - Top 5 accuracy for MaxFrag: 50.85
2024-05-30 10:42:01,027 - Top 10 accuracy for MaxFrag: 67.8
2024-05-30 10:42:01,933 - Top 1 accuracy for ECFP6: 16.95
2024-05-30 10:42:02,952 - Top 3 accuracy for ECFP6: 27.12
2024-05-30 10:42:03,991 - Top 5 accuracy for ECFP6: 32.2
2024-05-30 10:42:05,246 - Top 10 accuracy for ECFP6: 61.02
2024-05-30 10:42:08,756 - Top 1 accuracy for MACCS: 15.25
2024-05-30 10:42:11,914 - Top 3 accuracy for MACCS: 28.81
2024-05-30 10:42:14,862 - Top 5 accuracy for MACCS: 42.37
2024-05-30 10:42:17,636 - Top 10 accuracy for MACCS: 62.71
2024-05-30 10:42:21,404 - Top 1 accuracy for RDK7: 25.42
2024-05-30 10:42:25,309 - Top 3 accuracy for RDK7: 40.68
2024-05-30 10:42:29,231 - Top 5 accuracy for RDK7: 47.46
2024-05-30 10:42:33,550 - Top 10 accuracy for RDK7: 62.71
2024-05-30 10:42:33,557 - Results Matrix:
Top K             Top 1  Top 10  Top 3  Top 5
Scoring Function                             
ECFP6             16.95   61.02  27.12  32.20
MACCS             15.25   62.71  28.81  42.37
MaxFrag           18.64   67.80  35.59  50.85
RDK7              25.42   62.71  40.68  47.46
