2024-04-06 10:42:11,350 - INFO - Processing data uspto_sample with 4 cpus
2024-04-06 10:42:14,600 - INFO - Fixing hydrogen for batch 1/3.
2024-04-06 10:42:18,375 - INFO - Fixing hydrogen for batch 2/3.
2024-04-06 10:42:22,253 - INFO - Fixing hydrogen for batch 3/3.
2024-04-06 10:42:24,886 - INFO - Combining and save data
2024-04-06 10:42:24,886 - INFO - Number of correct mappers:2065
2024-04-06 10:42:24,886 - INFO - Number of incorrect mappers:932
2024-04-06 10:42:24,886 - INFO - Number of uncertain hydrogen:3
2024-04-06 10:42:25,432 - INFO - Curating incorrect mappings.
2024-04-06 10:42:25,432 - INFO - Processing batch 1/2
2024-04-06 10:42:25,656 - INFO - Processing batch 2/2
2024-04-06 10:42:25,852 - INFO - incorrect mappings fixed: 2
2024-04-06 10:42:25,853 - INFO - Data all for alignment: 2067
2024-04-06 10:42:25,853 - INFO - Clustering ITS graphs.
2024-04-06 10:42:26,476 - INFO - Number of clusters: naive_cluster
2     878
4     305
3     271
1      87
5      78
0      51
6      45
14     45
12     43
13     41
16     41
19     30
15     23
11     14
24     14
22     14
9      12
7      10
18      7
27      6
25      6
8       5
33      4
30      4
23      4
21      2
20      2
28      2
32      2
10      2
34      2
36      2
37      2
39      1
44      1
43      1
42      1
41      1
40      1
35      1
38      1
26      1
31      1
17      1
29      1
45      1
Name: count, dtype: int64
2024-04-06 10:42:26,476 - INFO - Execution time: 15.13 seconds
