2024-05-24 16:48:30,140 - INFO - Loaded 273 reactions from ecoli
2024-05-24 16:48:30,140 - INFO - Starting consensus mapping for ecoli using rxn_mapper
2024-05-24 16:48:30,140 - INFO - rxn_mapper process...
2024-05-24 16:48:30,156 - INFO - Starting mapping of 273 reactions in batches of 273.
2024-05-24 16:48:30,156 - INFO - Processing batch from index 0 to 273.
2024-05-24 16:48:36,305 - INFO - Successfully processed Internal Batch from 0 to 273
2024-05-24 16:48:36,305 - INFO - Completed mapping all reactions.
2024-05-24 16:48:36,306 - INFO - Completed consensus mapping for ecoli using rxn_mapper in 6.17 seconds
2024-05-24 16:48:36,306 - INFO - Starting consensus mapping for ecoli using graphormer
2024-05-24 16:48:36,306 - INFO - graphormer process...
2024-05-24 16:48:36,307 - INFO - Starting mapping of 273 reactions in batches of 273.
2024-05-24 16:48:36,307 - INFO - Processing batch from index 0 to 273.
2024-05-24 16:49:10,056 - INFO - Successfully processed Internal Batch from 0 to 273
2024-05-24 16:49:10,056 - INFO - Completed mapping all reactions.
2024-05-24 16:49:10,056 - INFO - Completed consensus mapping for ecoli using graphormer in 33.75 seconds
2024-05-24 16:49:10,057 - INFO - Starting consensus mapping for ecoli using local_mapper
2024-05-24 16:49:10,057 - INFO - local_mapper process...
2024-05-24 16:49:48,811 - INFO - Completed consensus mapping for ecoli using local_mapper in 38.75 seconds
2024-05-24 16:49:48,811 - INFO - Starting consensus mapping for ecoli using rdt
2024-05-24 16:49:48,811 - INFO - rdt process...
2024-05-24 17:10:09,154 - INFO - Successfully processed Internal Batch from 0 to 273
2024-05-24 17:10:09,155 - INFO - Completed consensus mapping for ecoli using rdt in 1220.34 seconds
2024-05-24 17:10:09,186 - INFO - Saved AAM ecoli results to /homes/biertank/tieu/Documents/Project/TACsy/SynTemp/Data/AAM/balance/ecoli/ecoli_aam_reactions.json.gz
2024-05-24 17:10:09,188 - INFO - Loaded 382 reactions from recon3d
2024-05-24 17:10:09,189 - INFO - Starting consensus mapping for recon3d using rxn_mapper
2024-05-24 17:10:09,189 - INFO - rxn_mapper process...
2024-05-24 17:10:09,189 - INFO - Starting mapping of 382 reactions in batches of 382.
2024-05-24 17:10:09,190 - INFO - Processing batch from index 0 to 382.
2024-05-24 17:10:19,770 - INFO - Successfully processed Internal Batch from 0 to 382
2024-05-24 17:10:19,770 - INFO - Completed mapping all reactions.
2024-05-24 17:10:19,771 - INFO - Completed consensus mapping for recon3d using rxn_mapper in 10.58 seconds
2024-05-24 17:10:19,771 - INFO - Starting consensus mapping for recon3d using graphormer
2024-05-24 17:10:19,772 - INFO - graphormer process...
2024-05-24 17:10:19,772 - INFO - Starting mapping of 382 reactions in batches of 382.
2024-05-24 17:10:19,772 - INFO - Processing batch from index 0 to 382.
2024-05-24 17:11:07,265 - INFO - Successfully processed Internal Batch from 0 to 382
2024-05-24 17:11:07,266 - INFO - Completed mapping all reactions.
2024-05-24 17:11:07,267 - INFO - Completed consensus mapping for recon3d using graphormer in 47.50 seconds
2024-05-24 17:11:07,267 - INFO - Starting consensus mapping for recon3d using local_mapper
2024-05-24 17:11:07,267 - INFO - local_mapper process...
2024-05-24 17:12:26,019 - INFO - Completed consensus mapping for recon3d using local_mapper in 78.75 seconds
2024-05-24 17:12:26,020 - INFO - Starting consensus mapping for recon3d using rdt
2024-05-24 17:12:26,020 - INFO - rdt process...
2024-05-24 18:05:20,609 - INFO - Successfully processed Internal Batch from 0 to 382
2024-05-24 18:05:20,610 - INFO - Completed consensus mapping for recon3d using rdt in 3174.59 seconds
2024-05-24 18:05:20,637 - INFO - Saved AAM recon3d results to /homes/biertank/tieu/Documents/Project/TACsy/SynTemp/Data/AAM/balance/recon3d/recon3d_aam_reactions.json.gz
2024-05-24 18:05:20,644 - INFO - Loaded 3000 reactions from uspto_3k
2024-05-24 18:05:20,644 - INFO - Starting consensus mapping for uspto_3k using rxn_mapper
2024-05-24 18:05:20,644 - INFO - rxn_mapper process...
2024-05-24 18:05:20,644 - INFO - Starting mapping of 3000 reactions in batches of 3000.
2024-05-24 18:05:20,644 - INFO - Processing batch from index 0 to 3000.
2024-05-24 18:05:25,502 - ERROR - RXNMapper mapping failed for reaction 'C1COCCO1.CC1(C)c2cccc(P(c3ccccc3)c3ccccc3)c2Oc2c(P(c3ccccc3)c3ccccc3)cccc21.CN(C)C=O.Cn1cc2ccc(NC(=O)c3c(F)cccc3NCc3ccnc(Br)c3)cc2n1.NC(=O)N1CCOCC1.O=C(/C=C/c1ccccc1)/C=C/c1ccccc1.O=C(/C=C/c1ccccc1)/C=C/c1ccccc1.O=C(/C=C/c1ccccc1)/C=C/c1ccccc1.O=C([O-])[O-].[Cs+].[Cs+].[Pd].[Pd]>>Cn1cc2ccc(NC(=O)c3c(F)cccc3NCc3ccnc(NC(=O)N4CCOCC4)c3)cc2n1.Br.C1COCCO1.CC1(C)c2cccc(P(c3ccccc3)c3ccccc3)c2Oc2c(P(c3ccccc3)c3ccccc3)cccc21.CN(C)C=O.O=C(/C=C/c1ccccc1)/C=C/c1ccccc1.O=C(/C=C/c1ccccc1)/C=C/c1ccccc1.O=C(/C=C/c1ccccc1)/C=C/c1ccccc1.O=C([O-])[O-].[Cs+].[Cs+].[Pd].[Pd]': The size of tensor a (519) must match the size of tensor b (512) at non-singleton dimension 1
Traceback (most recent call last):
  File "/homes/biertank/tieu/Documents/Project/TACsy/SynTemp/SynTemp/SynAAM/rxn_mapper_wrapper.py", line 64, in map_with_rxn_mapper_batch
    mapped_rxn = rxn_mapper.get_attention_guided_atom_maps(
                 ^^^^^^^^^^^^^^^^^^^^^^^^^^^^^^^^^^^^^^^^^^
  File "/homes/biertank/tieu/miniconda3/envs/SynITSG/lib/python3.11/site-packages/rxnmapper/core.py", line 203, in get_attention_guided_atom_maps
    for (reaction, result), reaction_format in zip(raw_results, reaction_formats):
  File "/homes/biertank/tieu/miniconda3/envs/SynITSG/lib/python3.11/site-packages/rxnmapper/core.py", line 240, in get_attention_guided_atom_maps_for_reactions
    attns = self.convert_batch_to_attns(
            ^^^^^^^^^^^^^^^^^^^^^^^^^^^^
  File "/homes/biertank/tieu/miniconda3/envs/SynITSG/lib/python3.11/site-packages/rxnmapper/core.py", line 131, in convert_batch_to_attns
    output = self.model(**parsed_input)
             ^^^^^^^^^^^^^^^^^^^^^^^^^^
  File "/homes/biertank/tieu/miniconda3/envs/SynITSG/lib/python3.11/site-packages/torch/nn/modules/module.py", line 1511, in _wrapped_call_impl
    return self._call_impl(*args, **kwargs)
           ^^^^^^^^^^^^^^^^^^^^^^^^^^^^^^^^
  File "/homes/biertank/tieu/miniconda3/envs/SynITSG/lib/python3.11/site-packages/torch/nn/modules/module.py", line 1520, in _call_impl
    return forward_call(*args, **kwargs)
           ^^^^^^^^^^^^^^^^^^^^^^^^^^^^^
  File "/homes/biertank/tieu/miniconda3/envs/SynITSG/lib/python3.11/site-packages/transformers/models/albert/modeling_albert.py", line 730, in forward
    embedding_output = self.embeddings(
                       ^^^^^^^^^^^^^^^^
  File "/homes/biertank/tieu/miniconda3/envs/SynITSG/lib/python3.11/site-packages/torch/nn/modules/module.py", line 1511, in _wrapped_call_impl
    return self._call_impl(*args, **kwargs)
           ^^^^^^^^^^^^^^^^^^^^^^^^^^^^^^^^
  File "/homes/biertank/tieu/miniconda3/envs/SynITSG/lib/python3.11/site-packages/torch/nn/modules/module.py", line 1520, in _call_impl
    return forward_call(*args, **kwargs)
           ^^^^^^^^^^^^^^^^^^^^^^^^^^^^^
  File "/homes/biertank/tieu/miniconda3/envs/SynITSG/lib/python3.11/site-packages/transformers/models/albert/modeling_albert.py", line 255, in forward
    embeddings += position_embeddings
RuntimeError: The size of tensor a (519) must match the size of tensor b (512) at non-singleton dimension 1
2024-05-24 18:06:09,900 - INFO - Successfully processed Internal Batch from 0 to 3000
2024-05-24 18:06:09,900 - INFO - Completed mapping all reactions.
2024-05-24 18:06:09,947 - INFO - Completed consensus mapping for uspto_3k using rxn_mapper in 49.30 seconds
2024-05-24 18:06:09,947 - INFO - Starting consensus mapping for uspto_3k using graphormer
2024-05-24 18:06:09,947 - INFO - graphormer process...
2024-05-24 18:06:09,947 - INFO - Starting mapping of 3000 reactions in batches of 3000.
2024-05-24 18:06:09,947 - INFO - Processing batch from index 0 to 3000.
2024-05-24 18:10:57,105 - INFO - Successfully processed Internal Batch from 0 to 3000
2024-05-24 18:10:57,105 - INFO - Completed mapping all reactions.
2024-05-24 18:10:57,154 - INFO - Completed consensus mapping for uspto_3k using graphormer in 287.21 seconds
2024-05-24 18:10:57,155 - INFO - Starting consensus mapping for uspto_3k using local_mapper
2024-05-24 18:10:57,155 - INFO - local_mapper process...
2024-05-24 18:17:20,329 - INFO - Completed consensus mapping for uspto_3k using local_mapper in 383.17 seconds
2024-05-24 18:17:20,330 - INFO - Starting consensus mapping for uspto_3k using rdt
2024-05-24 18:17:20,330 - INFO - rdt process...
2024-05-24 22:47:25,681 - INFO - Successfully processed Internal Batch from 0 to 3000
2024-05-24 22:47:25,728 - INFO - Completed consensus mapping for uspto_3k using rdt in 16205.40 seconds
2024-05-24 22:47:26,426 - INFO - Saved AAM uspto_3k results to /homes/biertank/tieu/Documents/Project/TACsy/SynTemp/Data/AAM/balance/uspto_3k/uspto_3k_aam_reactions.json.gz
2024-05-24 22:47:26,429 - INFO - Loaded 1758 reactions from golden
2024-05-24 22:47:26,430 - INFO - Starting consensus mapping for golden using rxn_mapper
2024-05-24 22:47:26,430 - INFO - rxn_mapper process...
2024-05-24 22:47:26,430 - INFO - Starting mapping of 1758 reactions in batches of 1758.
2024-05-24 22:47:26,430 - INFO - Processing batch from index 0 to 1758.
2024-05-24 22:47:48,757 - INFO - Successfully processed Internal Batch from 0 to 1758
2024-05-24 22:47:48,757 - INFO - Completed mapping all reactions.
2024-05-24 22:47:48,775 - INFO - Completed consensus mapping for golden using rxn_mapper in 22.35 seconds
2024-05-24 22:47:48,775 - INFO - Starting consensus mapping for golden using graphormer
2024-05-24 22:47:48,776 - INFO - graphormer process...
2024-05-24 22:47:48,776 - INFO - Starting mapping of 1758 reactions in batches of 1758.
2024-05-24 22:47:48,776 - INFO - Processing batch from index 0 to 1758.
2024-05-24 22:47:59,734 - ERROR - Graphormer mapping failed for reaction 'CC(C)O.CC(Oc1ccc(Oc2ccc(Cl)cc2Cl)cc1)C(=O)O>>CC(C)OC(=O)C(C)Oc1ccc(Oc2ccc(Cl)cc2Cl)cc1.O': mapping overlap
Traceback (most recent call last):
  File "/homes/biertank/tieu/Documents/Project/TACsy/SynTemp/SynTemp/SynAAM/graphormer_wrapper.py", line 22, in map_with_graphormer
    myrxn.reset_mapping()
  File "/homes/biertank/tieu/miniconda3/envs/SynITSG/lib/python3.11/site-packages/chython/algorithms/mapping/attention.py", line 116, in reset_mapping
    if self.fix_mapping():  # fix common mistakes in mechanisms
       ^^^^^^^^^^^^^^^^^^
  File "/homes/biertank/tieu/miniconda3/envs/SynITSG/lib/python3.11/site-packages/chython/algorithms/mapping/fixmapper.py", line 67, in fix_mapping
    m.remap(mapping)
  File "/homes/biertank/tieu/miniconda3/envs/SynITSG/lib/python3.11/site-packages/chython/containers/molecule.py", line 333, in remap
    h = super().remap(mapping, copy=copy)
        ^^^^^^^^^^^^^^^^^^^^^^^^^^^^^^^^^
  File "/homes/biertank/tieu/miniconda3/envs/SynITSG/lib/python3.11/site-packages/chython/containers/graph.py", line 168, in remap
    raise ValueError('mapping overlap')
ValueError: mapping overlap
2024-05-24 22:48:00,259 - ERROR - Graphormer mapping failed for reaction 'CC(=O)Oc1cc(C(=O)O)c(C(=O)NC(C)(C(N)=O)C(C)C)nc1C.CO>>COC(=O)c1cc(OC(C)=O)c(C)nc1C(=O)NC(C)(C(N)=O)C(C)C.O': mapping overlap
Traceback (most recent call last):
  File "/homes/biertank/tieu/Documents/Project/TACsy/SynTemp/SynTemp/SynAAM/graphormer_wrapper.py", line 22, in map_with_graphormer
    myrxn.reset_mapping()
  File "/homes/biertank/tieu/miniconda3/envs/SynITSG/lib/python3.11/site-packages/chython/algorithms/mapping/attention.py", line 116, in reset_mapping
    if self.fix_mapping():  # fix common mistakes in mechanisms
       ^^^^^^^^^^^^^^^^^^
  File "/homes/biertank/tieu/miniconda3/envs/SynITSG/lib/python3.11/site-packages/chython/algorithms/mapping/fixmapper.py", line 67, in fix_mapping
    m.remap(mapping)
  File "/homes/biertank/tieu/miniconda3/envs/SynITSG/lib/python3.11/site-packages/chython/containers/molecule.py", line 333, in remap
    h = super().remap(mapping, copy=copy)
        ^^^^^^^^^^^^^^^^^^^^^^^^^^^^^^^^^
  File "/homes/biertank/tieu/miniconda3/envs/SynITSG/lib/python3.11/site-packages/chython/containers/graph.py", line 168, in remap
    raise ValueError('mapping overlap')
ValueError: mapping overlap
2024-05-24 22:48:12,926 - ERROR - Graphormer mapping failed for reaction 'CO.NC(Cc1ccccc1)C(=O)O>>COC(=O)C(N)Cc1ccccc1.O': mapping overlap
Traceback (most recent call last):
  File "/homes/biertank/tieu/Documents/Project/TACsy/SynTemp/SynTemp/SynAAM/graphormer_wrapper.py", line 22, in map_with_graphormer
    myrxn.reset_mapping()
  File "/homes/biertank/tieu/miniconda3/envs/SynITSG/lib/python3.11/site-packages/chython/algorithms/mapping/attention.py", line 116, in reset_mapping
    if self.fix_mapping():  # fix common mistakes in mechanisms
       ^^^^^^^^^^^^^^^^^^
  File "/homes/biertank/tieu/miniconda3/envs/SynITSG/lib/python3.11/site-packages/chython/algorithms/mapping/fixmapper.py", line 67, in fix_mapping
    m.remap(mapping)
  File "/homes/biertank/tieu/miniconda3/envs/SynITSG/lib/python3.11/site-packages/chython/containers/molecule.py", line 333, in remap
    h = super().remap(mapping, copy=copy)
        ^^^^^^^^^^^^^^^^^^^^^^^^^^^^^^^^^
  File "/homes/biertank/tieu/miniconda3/envs/SynITSG/lib/python3.11/site-packages/chython/containers/graph.py", line 168, in remap
    raise ValueError('mapping overlap')
ValueError: mapping overlap
2024-05-24 22:48:19,249 - ERROR - Graphormer mapping failed for reaction 'CC(O)C(=O)O.OCc1ccccc1>>CC(O)C(=O)OCc1ccccc1.O': mapping overlap
Traceback (most recent call last):
  File "/homes/biertank/tieu/Documents/Project/TACsy/SynTemp/SynTemp/SynAAM/graphormer_wrapper.py", line 22, in map_with_graphormer
    myrxn.reset_mapping()
  File "/homes/biertank/tieu/miniconda3/envs/SynITSG/lib/python3.11/site-packages/chython/algorithms/mapping/attention.py", line 116, in reset_mapping
    if self.fix_mapping():  # fix common mistakes in mechanisms
       ^^^^^^^^^^^^^^^^^^
  File "/homes/biertank/tieu/miniconda3/envs/SynITSG/lib/python3.11/site-packages/chython/algorithms/mapping/fixmapper.py", line 67, in fix_mapping
    m.remap(mapping)
  File "/homes/biertank/tieu/miniconda3/envs/SynITSG/lib/python3.11/site-packages/chython/containers/molecule.py", line 333, in remap
    h = super().remap(mapping, copy=copy)
        ^^^^^^^^^^^^^^^^^^^^^^^^^^^^^^^^^
  File "/homes/biertank/tieu/miniconda3/envs/SynITSG/lib/python3.11/site-packages/chython/containers/graph.py", line 168, in remap
    raise ValueError('mapping overlap')
ValueError: mapping overlap
2024-05-24 22:48:36,828 - ERROR - Graphormer mapping failed for reaction 'CCO.O=C(O)Cc1ccc2c(c1)CCO2>>CCOC(=O)Cc1ccc2c(c1)CCO2.O': mapping overlap
Traceback (most recent call last):
  File "/homes/biertank/tieu/Documents/Project/TACsy/SynTemp/SynTemp/SynAAM/graphormer_wrapper.py", line 22, in map_with_graphormer
    myrxn.reset_mapping()
  File "/homes/biertank/tieu/miniconda3/envs/SynITSG/lib/python3.11/site-packages/chython/algorithms/mapping/attention.py", line 116, in reset_mapping
    if self.fix_mapping():  # fix common mistakes in mechanisms
       ^^^^^^^^^^^^^^^^^^
  File "/homes/biertank/tieu/miniconda3/envs/SynITSG/lib/python3.11/site-packages/chython/algorithms/mapping/fixmapper.py", line 67, in fix_mapping
    m.remap(mapping)
  File "/homes/biertank/tieu/miniconda3/envs/SynITSG/lib/python3.11/site-packages/chython/containers/molecule.py", line 333, in remap
    h = super().remap(mapping, copy=copy)
        ^^^^^^^^^^^^^^^^^^^^^^^^^^^^^^^^^
  File "/homes/biertank/tieu/miniconda3/envs/SynITSG/lib/python3.11/site-packages/chython/containers/graph.py", line 168, in remap
    raise ValueError('mapping overlap')
ValueError: mapping overlap
2024-05-24 22:49:36,124 - ERROR - Graphormer mapping failed for reaction 'CO.O=C(O)C1CCn2cccc21>>COC(=O)C1CCn2cccc21.O': mapping overlap
Traceback (most recent call last):
  File "/homes/biertank/tieu/Documents/Project/TACsy/SynTemp/SynTemp/SynAAM/graphormer_wrapper.py", line 22, in map_with_graphormer
    myrxn.reset_mapping()
  File "/homes/biertank/tieu/miniconda3/envs/SynITSG/lib/python3.11/site-packages/chython/algorithms/mapping/attention.py", line 116, in reset_mapping
    if self.fix_mapping():  # fix common mistakes in mechanisms
       ^^^^^^^^^^^^^^^^^^
  File "/homes/biertank/tieu/miniconda3/envs/SynITSG/lib/python3.11/site-packages/chython/algorithms/mapping/fixmapper.py", line 67, in fix_mapping
    m.remap(mapping)
  File "/homes/biertank/tieu/miniconda3/envs/SynITSG/lib/python3.11/site-packages/chython/containers/molecule.py", line 333, in remap
    h = super().remap(mapping, copy=copy)
        ^^^^^^^^^^^^^^^^^^^^^^^^^^^^^^^^^
  File "/homes/biertank/tieu/miniconda3/envs/SynITSG/lib/python3.11/site-packages/chython/containers/graph.py", line 168, in remap
    raise ValueError('mapping overlap')
ValueError: mapping overlap
2024-05-24 22:49:36,566 - ERROR - Graphormer mapping failed for reaction 'CC(C(=O)O)n1c(-c2ccc(Cl)cc2)nc2cccnc21.O.O=C([O-])O.OCCO.[Na+]>>CC(C(=O)OCCO)n1c(-c2ccc(Cl)cc2)nc2cccnc21.O.O.O=C([O-])O.[Na+]': mapping overlap
Traceback (most recent call last):
  File "/homes/biertank/tieu/Documents/Project/TACsy/SynTemp/SynTemp/SynAAM/graphormer_wrapper.py", line 22, in map_with_graphormer
    myrxn.reset_mapping()
  File "/homes/biertank/tieu/miniconda3/envs/SynITSG/lib/python3.11/site-packages/chython/algorithms/mapping/attention.py", line 116, in reset_mapping
    if self.fix_mapping():  # fix common mistakes in mechanisms
       ^^^^^^^^^^^^^^^^^^
  File "/homes/biertank/tieu/miniconda3/envs/SynITSG/lib/python3.11/site-packages/chython/algorithms/mapping/fixmapper.py", line 67, in fix_mapping
    m.remap(mapping)
  File "/homes/biertank/tieu/miniconda3/envs/SynITSG/lib/python3.11/site-packages/chython/containers/molecule.py", line 333, in remap
    h = super().remap(mapping, copy=copy)
        ^^^^^^^^^^^^^^^^^^^^^^^^^^^^^^^^^
  File "/homes/biertank/tieu/miniconda3/envs/SynITSG/lib/python3.11/site-packages/chython/containers/graph.py", line 168, in remap
    raise ValueError('mapping overlap')
ValueError: mapping overlap
2024-05-24 22:49:36,640 - ERROR - Graphormer mapping failed for reaction 'CC(C(=O)O)n1c(-c2ccc(Cl)cc2)nc2cccnc21.CCO>>CCOC(=O)C(C)n1c(-c2ccc(Cl)cc2)nc2cccnc21.O': mapping overlap
Traceback (most recent call last):
  File "/homes/biertank/tieu/Documents/Project/TACsy/SynTemp/SynTemp/SynAAM/graphormer_wrapper.py", line 22, in map_with_graphormer
    myrxn.reset_mapping()
  File "/homes/biertank/tieu/miniconda3/envs/SynITSG/lib/python3.11/site-packages/chython/algorithms/mapping/attention.py", line 116, in reset_mapping
    if self.fix_mapping():  # fix common mistakes in mechanisms
       ^^^^^^^^^^^^^^^^^^
  File "/homes/biertank/tieu/miniconda3/envs/SynITSG/lib/python3.11/site-packages/chython/algorithms/mapping/fixmapper.py", line 67, in fix_mapping
    m.remap(mapping)
  File "/homes/biertank/tieu/miniconda3/envs/SynITSG/lib/python3.11/site-packages/chython/containers/molecule.py", line 333, in remap
    h = super().remap(mapping, copy=copy)
        ^^^^^^^^^^^^^^^^^^^^^^^^^^^^^^^^^
  File "/homes/biertank/tieu/miniconda3/envs/SynITSG/lib/python3.11/site-packages/chython/containers/graph.py", line 168, in remap
    raise ValueError('mapping overlap')
ValueError: mapping overlap
2024-05-24 22:49:37,634 - ERROR - Graphormer mapping failed for reaction 'CC(C)(C(=O)O)c1ccc(C(=O)CCCCl)cc1.CO>>COC(=O)C(C)(C)c1ccc(C(=O)CCCCl)cc1.O': mapping overlap
Traceback (most recent call last):
  File "/homes/biertank/tieu/Documents/Project/TACsy/SynTemp/SynTemp/SynAAM/graphormer_wrapper.py", line 22, in map_with_graphormer
    myrxn.reset_mapping()
  File "/homes/biertank/tieu/miniconda3/envs/SynITSG/lib/python3.11/site-packages/chython/algorithms/mapping/attention.py", line 116, in reset_mapping
    if self.fix_mapping():  # fix common mistakes in mechanisms
       ^^^^^^^^^^^^^^^^^^
  File "/homes/biertank/tieu/miniconda3/envs/SynITSG/lib/python3.11/site-packages/chython/algorithms/mapping/fixmapper.py", line 67, in fix_mapping
    m.remap(mapping)
  File "/homes/biertank/tieu/miniconda3/envs/SynITSG/lib/python3.11/site-packages/chython/containers/molecule.py", line 333, in remap
    h = super().remap(mapping, copy=copy)
        ^^^^^^^^^^^^^^^^^^^^^^^^^^^^^^^^^
  File "/homes/biertank/tieu/miniconda3/envs/SynITSG/lib/python3.11/site-packages/chython/containers/graph.py", line 168, in remap
    raise ValueError('mapping overlap')
ValueError: mapping overlap
2024-05-24 22:49:38,966 - ERROR - Graphormer mapping failed for reaction 'CC(C)(C)OC(=O)NCC(=O)O.OCC=CCOCc1ccccc1>>CC(C)(C)OC(=O)NCC(=O)OCC=CCOCc1ccccc1.O': mapping overlap
Traceback (most recent call last):
  File "/homes/biertank/tieu/Documents/Project/TACsy/SynTemp/SynTemp/SynAAM/graphormer_wrapper.py", line 22, in map_with_graphormer
    myrxn.reset_mapping()
  File "/homes/biertank/tieu/miniconda3/envs/SynITSG/lib/python3.11/site-packages/chython/algorithms/mapping/attention.py", line 116, in reset_mapping
    if self.fix_mapping():  # fix common mistakes in mechanisms
       ^^^^^^^^^^^^^^^^^^
  File "/homes/biertank/tieu/miniconda3/envs/SynITSG/lib/python3.11/site-packages/chython/algorithms/mapping/fixmapper.py", line 67, in fix_mapping
    m.remap(mapping)
  File "/homes/biertank/tieu/miniconda3/envs/SynITSG/lib/python3.11/site-packages/chython/containers/molecule.py", line 333, in remap
    h = super().remap(mapping, copy=copy)
        ^^^^^^^^^^^^^^^^^^^^^^^^^^^^^^^^^
  File "/homes/biertank/tieu/miniconda3/envs/SynITSG/lib/python3.11/site-packages/chython/containers/graph.py", line 168, in remap
    raise ValueError('mapping overlap')
ValueError: mapping overlap
2024-05-24 22:49:39,384 - ERROR - Graphormer mapping failed for reaction 'CC(C)O.Cc1cc(C(=O)O)cc(Cl)n1>>Cc1cc(C(=O)OC(C)C)cc(Cl)n1.O': mapping overlap
Traceback (most recent call last):
  File "/homes/biertank/tieu/Documents/Project/TACsy/SynTemp/SynTemp/SynAAM/graphormer_wrapper.py", line 22, in map_with_graphormer
    myrxn.reset_mapping()
  File "/homes/biertank/tieu/miniconda3/envs/SynITSG/lib/python3.11/site-packages/chython/algorithms/mapping/attention.py", line 116, in reset_mapping
    if self.fix_mapping():  # fix common mistakes in mechanisms
       ^^^^^^^^^^^^^^^^^^
  File "/homes/biertank/tieu/miniconda3/envs/SynITSG/lib/python3.11/site-packages/chython/algorithms/mapping/fixmapper.py", line 67, in fix_mapping
    m.remap(mapping)
  File "/homes/biertank/tieu/miniconda3/envs/SynITSG/lib/python3.11/site-packages/chython/containers/molecule.py", line 333, in remap
    h = super().remap(mapping, copy=copy)
        ^^^^^^^^^^^^^^^^^^^^^^^^^^^^^^^^^
  File "/homes/biertank/tieu/miniconda3/envs/SynITSG/lib/python3.11/site-packages/chython/containers/graph.py", line 168, in remap
    raise ValueError('mapping overlap')
ValueError: mapping overlap
2024-05-24 22:49:45,990 - ERROR - Graphormer mapping failed for reaction 'CCOC(=O)N=NC(=O)OCC.O=C(O)C1CCCCN1c1nc2ccccc2o1.OC1CCCN(Cc2ccccn2)C1.c1ccc(P(c2ccccc2)c2ccccc2)cc1>>O=C(OC1CCCN(Cc2ccccn2)C1)C1CCCCN1c1nc2ccccc2o1.CCOC(=O)N=NC(=O)OCC.O.c1ccc(P(c2ccccc2)c2ccccc2)cc1': mapping overlap
Traceback (most recent call last):
  File "/homes/biertank/tieu/Documents/Project/TACsy/SynTemp/SynTemp/SynAAM/graphormer_wrapper.py", line 22, in map_with_graphormer
    myrxn.reset_mapping()
  File "/homes/biertank/tieu/miniconda3/envs/SynITSG/lib/python3.11/site-packages/chython/algorithms/mapping/attention.py", line 116, in reset_mapping
    if self.fix_mapping():  # fix common mistakes in mechanisms
       ^^^^^^^^^^^^^^^^^^
  File "/homes/biertank/tieu/miniconda3/envs/SynITSG/lib/python3.11/site-packages/chython/algorithms/mapping/fixmapper.py", line 67, in fix_mapping
    m.remap(mapping)
  File "/homes/biertank/tieu/miniconda3/envs/SynITSG/lib/python3.11/site-packages/chython/containers/molecule.py", line 333, in remap
    h = super().remap(mapping, copy=copy)
        ^^^^^^^^^^^^^^^^^^^^^^^^^^^^^^^^^
  File "/homes/biertank/tieu/miniconda3/envs/SynITSG/lib/python3.11/site-packages/chython/containers/graph.py", line 168, in remap
    raise ValueError('mapping overlap')
ValueError: mapping overlap
2024-05-24 22:49:46,416 - ERROR - Graphormer mapping failed for reaction 'CC(C)(C)OC(=O)N1CCc2cc(O)ccc2C1.CC(C)OC(=O)N=NC(=O)OC(C)C.OCC1CCN(c2ccncc2)CC1.c1ccc(P(c2ccccc2)c2ccccc2)cc1>>CC(C)(C)OC(=O)N1CCc2cc(OCC3CCN(c4ccncc4)CC3)ccc2C1.CC(C)OC(=O)N=NC(=O)OC(C)C.O.c1ccc(P(c2ccccc2)c2ccccc2)cc1': mapping overlap
Traceback (most recent call last):
  File "/homes/biertank/tieu/Documents/Project/TACsy/SynTemp/SynTemp/SynAAM/graphormer_wrapper.py", line 22, in map_with_graphormer
    myrxn.reset_mapping()
  File "/homes/biertank/tieu/miniconda3/envs/SynITSG/lib/python3.11/site-packages/chython/algorithms/mapping/attention.py", line 116, in reset_mapping
    if self.fix_mapping():  # fix common mistakes in mechanisms
       ^^^^^^^^^^^^^^^^^^
  File "/homes/biertank/tieu/miniconda3/envs/SynITSG/lib/python3.11/site-packages/chython/algorithms/mapping/fixmapper.py", line 67, in fix_mapping
    m.remap(mapping)
  File "/homes/biertank/tieu/miniconda3/envs/SynITSG/lib/python3.11/site-packages/chython/containers/molecule.py", line 333, in remap
    h = super().remap(mapping, copy=copy)
        ^^^^^^^^^^^^^^^^^^^^^^^^^^^^^^^^^
  File "/homes/biertank/tieu/miniconda3/envs/SynITSG/lib/python3.11/site-packages/chython/containers/graph.py", line 168, in remap
    raise ValueError('mapping overlap')
ValueError: mapping overlap
2024-05-24 22:49:46,653 - ERROR - Graphormer mapping failed for reaction 'CC(C)(C)OC(=O)N1CCc2ccc(O)cc2C1.CC(C)OC(=O)N=NC(=O)OC(C)C.OCC1CCN(c2ccncc2)CC1.c1ccc(P(c2ccccc2)c2ccccc2)cc1>>CC(C)(C)OC(=O)N1CCc2ccc(OCC3CCN(c4ccncc4)CC3)cc2C1.CC(C)OC(=O)N=NC(=O)OC(C)C.O.c1ccc(P(c2ccccc2)c2ccccc2)cc1': mapping overlap
Traceback (most recent call last):
  File "/homes/biertank/tieu/Documents/Project/TACsy/SynTemp/SynTemp/SynAAM/graphormer_wrapper.py", line 22, in map_with_graphormer
    myrxn.reset_mapping()
  File "/homes/biertank/tieu/miniconda3/envs/SynITSG/lib/python3.11/site-packages/chython/algorithms/mapping/attention.py", line 116, in reset_mapping
    if self.fix_mapping():  # fix common mistakes in mechanisms
       ^^^^^^^^^^^^^^^^^^
  File "/homes/biertank/tieu/miniconda3/envs/SynITSG/lib/python3.11/site-packages/chython/algorithms/mapping/fixmapper.py", line 67, in fix_mapping
    m.remap(mapping)
  File "/homes/biertank/tieu/miniconda3/envs/SynITSG/lib/python3.11/site-packages/chython/containers/molecule.py", line 333, in remap
    h = super().remap(mapping, copy=copy)
        ^^^^^^^^^^^^^^^^^^^^^^^^^^^^^^^^^
  File "/homes/biertank/tieu/miniconda3/envs/SynITSG/lib/python3.11/site-packages/chython/containers/graph.py", line 168, in remap
    raise ValueError('mapping overlap')
ValueError: mapping overlap
2024-05-24 22:49:46,727 - ERROR - Graphormer mapping failed for reaction 'CCO.O=C(O)Cc1ccc([N+](=O)[O-])c(O)c1>>CCOC(=O)Cc1ccc([N+](=O)[O-])c(O)c1.O': mapping overlap
Traceback (most recent call last):
  File "/homes/biertank/tieu/Documents/Project/TACsy/SynTemp/SynTemp/SynAAM/graphormer_wrapper.py", line 22, in map_with_graphormer
    myrxn.reset_mapping()
  File "/homes/biertank/tieu/miniconda3/envs/SynITSG/lib/python3.11/site-packages/chython/algorithms/mapping/attention.py", line 116, in reset_mapping
    if self.fix_mapping():  # fix common mistakes in mechanisms
       ^^^^^^^^^^^^^^^^^^
  File "/homes/biertank/tieu/miniconda3/envs/SynITSG/lib/python3.11/site-packages/chython/algorithms/mapping/fixmapper.py", line 67, in fix_mapping
    m.remap(mapping)
  File "/homes/biertank/tieu/miniconda3/envs/SynITSG/lib/python3.11/site-packages/chython/containers/molecule.py", line 333, in remap
    h = super().remap(mapping, copy=copy)
        ^^^^^^^^^^^^^^^^^^^^^^^^^^^^^^^^^
  File "/homes/biertank/tieu/miniconda3/envs/SynITSG/lib/python3.11/site-packages/chython/containers/graph.py", line 168, in remap
    raise ValueError('mapping overlap')
ValueError: mapping overlap
2024-05-24 22:49:47,835 - ERROR - Graphormer mapping failed for reaction 'CO.O=C(O)c1sccc1Br>>COC(=O)c1sccc1Br.O': mapping overlap
Traceback (most recent call last):
  File "/homes/biertank/tieu/Documents/Project/TACsy/SynTemp/SynTemp/SynAAM/graphormer_wrapper.py", line 22, in map_with_graphormer
    myrxn.reset_mapping()
  File "/homes/biertank/tieu/miniconda3/envs/SynITSG/lib/python3.11/site-packages/chython/algorithms/mapping/attention.py", line 116, in reset_mapping
    if self.fix_mapping():  # fix common mistakes in mechanisms
       ^^^^^^^^^^^^^^^^^^
  File "/homes/biertank/tieu/miniconda3/envs/SynITSG/lib/python3.11/site-packages/chython/algorithms/mapping/fixmapper.py", line 67, in fix_mapping
    m.remap(mapping)
  File "/homes/biertank/tieu/miniconda3/envs/SynITSG/lib/python3.11/site-packages/chython/containers/molecule.py", line 333, in remap
    h = super().remap(mapping, copy=copy)
        ^^^^^^^^^^^^^^^^^^^^^^^^^^^^^^^^^
  File "/homes/biertank/tieu/miniconda3/envs/SynITSG/lib/python3.11/site-packages/chython/containers/graph.py", line 168, in remap
    raise ValueError('mapping overlap')
ValueError: mapping overlap
2024-05-24 22:49:48,738 - ERROR - Graphormer mapping failed for reaction 'C1COCCO1.CNC(CC(C)C)C(=O)O.CO>>CNC(CC(C)C)C(=O)OC.C1COCCO1.O': mapping overlap
Traceback (most recent call last):
  File "/homes/biertank/tieu/Documents/Project/TACsy/SynTemp/SynTemp/SynAAM/graphormer_wrapper.py", line 22, in map_with_graphormer
    myrxn.reset_mapping()
  File "/homes/biertank/tieu/miniconda3/envs/SynITSG/lib/python3.11/site-packages/chython/algorithms/mapping/attention.py", line 116, in reset_mapping
    if self.fix_mapping():  # fix common mistakes in mechanisms
       ^^^^^^^^^^^^^^^^^^
  File "/homes/biertank/tieu/miniconda3/envs/SynITSG/lib/python3.11/site-packages/chython/algorithms/mapping/fixmapper.py", line 67, in fix_mapping
    m.remap(mapping)
  File "/homes/biertank/tieu/miniconda3/envs/SynITSG/lib/python3.11/site-packages/chython/containers/molecule.py", line 333, in remap
    h = super().remap(mapping, copy=copy)
        ^^^^^^^^^^^^^^^^^^^^^^^^^^^^^^^^^
  File "/homes/biertank/tieu/miniconda3/envs/SynITSG/lib/python3.11/site-packages/chython/containers/graph.py", line 168, in remap
    raise ValueError('mapping overlap')
ValueError: mapping overlap
2024-05-24 22:49:55,448 - ERROR - Graphormer mapping failed for reaction 'CC(N)C(=O)O.CCCCO.O=S(Cl)Cl>>CCCCOC(=O)C(C)N.O=S(Cl)Cl.O': mapping overlap
Traceback (most recent call last):
  File "/homes/biertank/tieu/Documents/Project/TACsy/SynTemp/SynTemp/SynAAM/graphormer_wrapper.py", line 22, in map_with_graphormer
    myrxn.reset_mapping()
  File "/homes/biertank/tieu/miniconda3/envs/SynITSG/lib/python3.11/site-packages/chython/algorithms/mapping/attention.py", line 116, in reset_mapping
    if self.fix_mapping():  # fix common mistakes in mechanisms
       ^^^^^^^^^^^^^^^^^^
  File "/homes/biertank/tieu/miniconda3/envs/SynITSG/lib/python3.11/site-packages/chython/algorithms/mapping/fixmapper.py", line 67, in fix_mapping
    m.remap(mapping)
  File "/homes/biertank/tieu/miniconda3/envs/SynITSG/lib/python3.11/site-packages/chython/containers/molecule.py", line 333, in remap
    h = super().remap(mapping, copy=copy)
        ^^^^^^^^^^^^^^^^^^^^^^^^^^^^^^^^^
  File "/homes/biertank/tieu/miniconda3/envs/SynITSG/lib/python3.11/site-packages/chython/containers/graph.py", line 168, in remap
    raise ValueError('mapping overlap')
ValueError: mapping overlap
2024-05-24 22:49:57,141 - ERROR - Graphormer mapping failed for reaction 'CO.O=C(O)c1cc(-c2ccc(Cl)cc2)c(-c2ccc(Cl)cc2Cl)nc1O>>COC(=O)c1cc(-c2ccc(Cl)cc2)c(-c2ccc(Cl)cc2Cl)nc1O.O': mapping overlap
Traceback (most recent call last):
  File "/homes/biertank/tieu/Documents/Project/TACsy/SynTemp/SynTemp/SynAAM/graphormer_wrapper.py", line 22, in map_with_graphormer
    myrxn.reset_mapping()
  File "/homes/biertank/tieu/miniconda3/envs/SynITSG/lib/python3.11/site-packages/chython/algorithms/mapping/attention.py", line 116, in reset_mapping
    if self.fix_mapping():  # fix common mistakes in mechanisms
       ^^^^^^^^^^^^^^^^^^
  File "/homes/biertank/tieu/miniconda3/envs/SynITSG/lib/python3.11/site-packages/chython/algorithms/mapping/fixmapper.py", line 67, in fix_mapping
    m.remap(mapping)
  File "/homes/biertank/tieu/miniconda3/envs/SynITSG/lib/python3.11/site-packages/chython/containers/molecule.py", line 333, in remap
    h = super().remap(mapping, copy=copy)
        ^^^^^^^^^^^^^^^^^^^^^^^^^^^^^^^^^
  File "/homes/biertank/tieu/miniconda3/envs/SynITSG/lib/python3.11/site-packages/chython/containers/graph.py", line 168, in remap
    raise ValueError('mapping overlap')
ValueError: mapping overlap
2024-05-24 22:50:01,155 - INFO - Successfully processed Internal Batch from 0 to 1758
2024-05-24 22:50:01,156 - INFO - Completed mapping all reactions.
2024-05-24 22:50:01,174 - INFO - Completed consensus mapping for golden using graphormer in 132.40 seconds
2024-05-24 22:50:01,174 - INFO - Starting consensus mapping for golden using local_mapper
2024-05-24 22:50:01,175 - INFO - local_mapper process...
2024-05-24 22:52:43,331 - INFO - Completed consensus mapping for golden using local_mapper in 162.16 seconds
2024-05-24 22:52:43,333 - INFO - Starting consensus mapping for golden using rdt
2024-05-24 22:52:43,333 - INFO - rdt process...
2024-05-24 23:44:58,181 - ERROR - Error in original SMILES, could have ~ in reaction smiles
2024-05-24 23:45:28,855 - ERROR - Error in original SMILES, could have ~ in reaction smiles
2024-05-25 00:32:17,834 - ERROR - Error in original SMILES, could have ~ in reaction smiles
2024-05-25 00:32:17,953 - ERROR - Error in original SMILES, could have ~ in reaction smiles
2024-05-25 00:32:19,309 - INFO - Successfully processed Internal Batch from 0 to 1758
2024-05-25 00:32:19,325 - INFO - Completed consensus mapping for golden using rdt in 5975.99 seconds
2024-05-25 00:32:19,680 - INFO - Saved AAM golden results to /homes/biertank/tieu/Documents/Project/TACsy/SynTemp/Data/AAM/balance/golden/golden_aam_reactions.json.gz
2024-05-25 00:32:19,684 - INFO - Loaded 491 reactions from natcomm
2024-05-25 00:32:19,684 - INFO - Starting consensus mapping for natcomm using rxn_mapper
2024-05-25 00:32:19,684 - INFO - rxn_mapper process...
2024-05-25 00:32:19,685 - INFO - Starting mapping of 491 reactions in batches of 491.
2024-05-25 00:32:19,685 - INFO - Processing batch from index 0 to 491.
2024-05-25 00:32:25,306 - INFO - Successfully processed Internal Batch from 0 to 491
2024-05-25 00:32:25,306 - INFO - Completed mapping all reactions.
2024-05-25 00:32:25,308 - INFO - Completed consensus mapping for natcomm using rxn_mapper in 5.62 seconds
2024-05-25 00:32:25,308 - INFO - Starting consensus mapping for natcomm using graphormer
2024-05-25 00:32:25,309 - INFO - graphormer process...
2024-05-25 00:32:25,309 - INFO - Starting mapping of 491 reactions in batches of 491.
2024-05-25 00:32:25,309 - INFO - Processing batch from index 0 to 491.
2024-05-25 00:32:38,241 - ERROR - Graphormer mapping failed for reaction 'CC(C)O.CC(Oc1ccc(Oc2ccc(Cl)cc2Cl)cc1)C(=O)O>>CC(C)OC(=O)C(C)Oc1ccc(Oc2ccc(Cl)cc2Cl)cc1.O': mapping overlap
Traceback (most recent call last):
  File "/homes/biertank/tieu/Documents/Project/TACsy/SynTemp/SynTemp/SynAAM/graphormer_wrapper.py", line 22, in map_with_graphormer
    myrxn.reset_mapping()
  File "/homes/biertank/tieu/miniconda3/envs/SynITSG/lib/python3.11/site-packages/chython/algorithms/mapping/attention.py", line 116, in reset_mapping
    if self.fix_mapping():  # fix common mistakes in mechanisms
       ^^^^^^^^^^^^^^^^^^
  File "/homes/biertank/tieu/miniconda3/envs/SynITSG/lib/python3.11/site-packages/chython/algorithms/mapping/fixmapper.py", line 67, in fix_mapping
    m.remap(mapping)
  File "/homes/biertank/tieu/miniconda3/envs/SynITSG/lib/python3.11/site-packages/chython/containers/molecule.py", line 333, in remap
    h = super().remap(mapping, copy=copy)
        ^^^^^^^^^^^^^^^^^^^^^^^^^^^^^^^^^
  File "/homes/biertank/tieu/miniconda3/envs/SynITSG/lib/python3.11/site-packages/chython/containers/graph.py", line 168, in remap
    raise ValueError('mapping overlap')
ValueError: mapping overlap
2024-05-25 00:32:39,029 - ERROR - Graphormer mapping failed for reaction 'CC(=O)Oc1cc(C(=O)O)c(C(=O)NC(C)(C(N)=O)C(C)C)nc1C.CO>>COC(=O)c1cc(OC(C)=O)c(C)nc1C(=O)NC(C)(C(N)=O)C(C)C.O': mapping overlap
Traceback (most recent call last):
  File "/homes/biertank/tieu/Documents/Project/TACsy/SynTemp/SynTemp/SynAAM/graphormer_wrapper.py", line 22, in map_with_graphormer
    myrxn.reset_mapping()
  File "/homes/biertank/tieu/miniconda3/envs/SynITSG/lib/python3.11/site-packages/chython/algorithms/mapping/attention.py", line 116, in reset_mapping
    if self.fix_mapping():  # fix common mistakes in mechanisms
       ^^^^^^^^^^^^^^^^^^
  File "/homes/biertank/tieu/miniconda3/envs/SynITSG/lib/python3.11/site-packages/chython/algorithms/mapping/fixmapper.py", line 67, in fix_mapping
    m.remap(mapping)
  File "/homes/biertank/tieu/miniconda3/envs/SynITSG/lib/python3.11/site-packages/chython/containers/molecule.py", line 333, in remap
    h = super().remap(mapping, copy=copy)
        ^^^^^^^^^^^^^^^^^^^^^^^^^^^^^^^^^
  File "/homes/biertank/tieu/miniconda3/envs/SynITSG/lib/python3.11/site-packages/chython/containers/graph.py", line 168, in remap
    raise ValueError('mapping overlap')
ValueError: mapping overlap
2024-05-25 00:32:58,422 - INFO - Successfully processed Internal Batch from 0 to 491
2024-05-25 00:32:58,422 - INFO - Completed mapping all reactions.
2024-05-25 00:32:58,424 - INFO - Completed consensus mapping for natcomm using graphormer in 33.12 seconds
2024-05-25 00:32:58,424 - INFO - Starting consensus mapping for natcomm using local_mapper
2024-05-25 00:32:58,424 - INFO - local_mapper process...
2024-05-25 00:33:37,856 - INFO - Completed consensus mapping for natcomm using local_mapper in 39.43 seconds
2024-05-25 00:33:37,856 - INFO - Starting consensus mapping for natcomm using rdt
2024-05-25 00:33:37,856 - INFO - rdt process...
2024-05-25 00:37:45,133 - ERROR - Error in original SMILES, could have ~ in reaction smiles
2024-05-25 00:42:15,593 - ERROR - Error in original SMILES, could have ~ in reaction smiles
2024-05-25 00:42:41,155 - ERROR - Error in original SMILES, could have ~ in reaction smiles
2024-05-25 00:43:03,049 - ERROR - Error in original SMILES, could have ~ in reaction smiles
2024-05-25 00:54:15,250 - INFO - Successfully processed Internal Batch from 0 to 491
2024-05-25 00:54:15,252 - INFO - Completed consensus mapping for natcomm using rdt in 1237.40 seconds
2024-05-25 00:54:15,351 - INFO - Saved AAM natcomm results to /homes/biertank/tieu/Documents/Project/TACsy/SynTemp/Data/AAM/balance/natcomm/natcomm_aam_reactions.json.gz
2024-05-25 00:54:15,361 - INFO - 
          rxn_mapper  graphormer  local_mapper           rdt
ecoli       6.165495   33.750557     38.754008   1220.343570
recon3d    10.582441   47.495752     78.752185   3174.590389
uspto_3k   49.302581  287.207322    383.173890  16205.398501
golden     22.345262  132.398648    162.157150   5975.992716
natcomm     5.623688   33.115434     39.432178   1237.395224
