2024-04-09 17:55:17,865 - INFO - Processing data USPTO_50K with 4 cpus
2024-04-09 17:55:20,393 - INFO - Fixing hydrogen for batch 1/100.
2024-04-09 17:55:23,275 - INFO - Fixing hydrogen for batch 2/100.
2024-04-09 17:55:26,223 - INFO - Fixing hydrogen for batch 3/100.
2024-04-09 17:55:29,244 - INFO - Fixing hydrogen for batch 4/100.
2024-04-09 17:55:32,259 - INFO - Fixing hydrogen for batch 5/100.
2024-04-09 17:55:35,243 - INFO - Fixing hydrogen for batch 6/100.
2024-04-09 17:55:38,251 - INFO - Fixing hydrogen for batch 7/100.
2024-04-09 17:55:41,457 - INFO - Fixing hydrogen for batch 8/100.
2024-04-09 17:55:44,640 - INFO - Fixing hydrogen for batch 9/100.
2024-04-09 17:55:47,664 - INFO - Fixing hydrogen for batch 10/100.
2024-04-09 17:55:50,790 - INFO - Fixing hydrogen for batch 11/100.
2024-04-09 17:55:53,738 - INFO - Fixing hydrogen for batch 12/100.
2024-04-09 17:55:56,720 - INFO - Fixing hydrogen for batch 13/100.
2024-04-09 17:55:59,885 - INFO - Fixing hydrogen for batch 14/100.
2024-04-09 17:56:03,147 - INFO - Fixing hydrogen for batch 15/100.
2024-04-09 17:56:06,156 - INFO - Fixing hydrogen for batch 16/100.
2024-04-09 17:56:09,266 - INFO - Fixing hydrogen for batch 17/100.
2024-04-09 17:56:12,686 - INFO - Fixing hydrogen for batch 18/100.
2024-04-09 17:56:16,133 - INFO - Fixing hydrogen for batch 19/100.
2024-04-09 17:56:19,261 - INFO - Fixing hydrogen for batch 20/100.
2024-04-09 17:56:22,412 - INFO - Fixing hydrogen for batch 21/100.
2024-04-09 17:56:25,387 - INFO - Fixing hydrogen for batch 22/100.
2024-04-09 17:56:28,675 - INFO - Fixing hydrogen for batch 23/100.
2024-04-09 17:56:31,891 - INFO - Fixing hydrogen for batch 24/100.
2024-04-09 17:56:35,102 - INFO - Fixing hydrogen for batch 25/100.
2024-04-09 17:56:38,116 - INFO - Fixing hydrogen for batch 26/100.
2024-04-09 17:56:41,237 - INFO - Fixing hydrogen for batch 27/100.
2024-04-09 17:56:44,429 - INFO - Fixing hydrogen for batch 28/100.
2024-04-09 17:56:47,671 - INFO - Fixing hydrogen for batch 29/100.
2024-04-09 17:56:50,816 - INFO - Fixing hydrogen for batch 30/100.
2024-04-09 17:56:54,092 - INFO - Fixing hydrogen for batch 31/100.
2024-04-09 17:56:57,117 - INFO - Fixing hydrogen for batch 32/100.
2024-04-09 17:57:00,323 - INFO - Fixing hydrogen for batch 33/100.
2024-04-09 17:57:03,303 - INFO - Fixing hydrogen for batch 34/100.
2024-04-09 17:57:06,250 - INFO - Fixing hydrogen for batch 35/100.
2024-04-09 17:57:09,393 - INFO - Fixing hydrogen for batch 36/100.
2024-04-09 17:57:12,302 - INFO - Fixing hydrogen for batch 37/100.
2024-04-09 17:57:15,506 - INFO - Fixing hydrogen for batch 38/100.
2024-04-09 17:57:18,637 - INFO - Fixing hydrogen for batch 39/100.
2024-04-09 17:57:21,708 - INFO - Fixing hydrogen for batch 40/100.
2024-04-09 17:57:24,787 - INFO - Fixing hydrogen for batch 41/100.
2024-04-09 17:57:27,719 - INFO - Fixing hydrogen for batch 42/100.
2024-04-09 17:57:30,747 - INFO - Fixing hydrogen for batch 43/100.
2024-04-09 17:57:33,706 - INFO - Fixing hydrogen for batch 44/100.
2024-04-09 17:57:36,897 - INFO - Fixing hydrogen for batch 45/100.
2024-04-09 17:57:39,889 - INFO - Fixing hydrogen for batch 46/100.
2024-04-09 17:57:42,941 - INFO - Fixing hydrogen for batch 47/100.
2024-04-09 17:57:46,022 - INFO - Fixing hydrogen for batch 48/100.
2024-04-09 17:57:49,116 - INFO - Fixing hydrogen for batch 49/100.
2024-04-09 17:57:52,156 - INFO - Fixing hydrogen for batch 50/100.
2024-04-09 17:57:55,164 - INFO - Fixing hydrogen for batch 51/100.
2024-04-09 17:57:58,175 - INFO - Fixing hydrogen for batch 52/100.
2024-04-09 17:58:01,183 - INFO - Fixing hydrogen for batch 53/100.
2024-04-09 17:58:04,211 - INFO - Fixing hydrogen for batch 54/100.
2024-04-09 17:58:07,207 - INFO - Fixing hydrogen for batch 55/100.
2024-04-09 17:58:10,391 - INFO - Fixing hydrogen for batch 56/100.
2024-04-09 17:58:13,355 - INFO - Fixing hydrogen for batch 57/100.
2024-04-09 17:58:16,500 - INFO - Fixing hydrogen for batch 58/100.
2024-04-09 17:58:19,457 - INFO - Fixing hydrogen for batch 59/100.
2024-04-09 17:58:22,739 - INFO - Fixing hydrogen for batch 60/100.
2024-04-09 17:58:25,800 - INFO - Fixing hydrogen for batch 61/100.
2024-04-09 17:58:28,765 - INFO - Fixing hydrogen for batch 62/100.
2024-04-09 17:58:31,962 - INFO - Fixing hydrogen for batch 63/100.
2024-04-09 17:58:35,042 - INFO - Fixing hydrogen for batch 64/100.
2024-04-09 17:58:37,967 - INFO - Fixing hydrogen for batch 65/100.
2024-04-09 17:58:40,867 - INFO - Fixing hydrogen for batch 66/100.
2024-04-09 17:58:43,961 - INFO - Fixing hydrogen for batch 67/100.
2024-04-09 17:58:47,024 - INFO - Fixing hydrogen for batch 68/100.
2024-04-09 17:58:50,053 - INFO - Fixing hydrogen for batch 69/100.
2024-04-09 17:58:53,135 - INFO - Fixing hydrogen for batch 70/100.
2024-04-09 17:58:56,138 - INFO - Fixing hydrogen for batch 71/100.
2024-04-09 17:58:59,137 - INFO - Fixing hydrogen for batch 72/100.
2024-04-09 17:59:02,198 - INFO - Fixing hydrogen for batch 73/100.
2024-04-09 17:59:05,249 - INFO - Fixing hydrogen for batch 74/100.
2024-04-09 17:59:08,350 - INFO - Fixing hydrogen for batch 75/100.
2024-04-09 17:59:11,386 - INFO - Fixing hydrogen for batch 76/100.
2024-04-09 17:59:14,579 - INFO - Fixing hydrogen for batch 77/100.
2024-04-09 17:59:17,692 - INFO - Fixing hydrogen for batch 78/100.
2024-04-09 17:59:20,901 - INFO - Fixing hydrogen for batch 79/100.
2024-04-09 17:59:23,872 - INFO - Fixing hydrogen for batch 80/100.
2024-04-09 17:59:27,129 - INFO - Fixing hydrogen for batch 81/100.
2024-04-09 17:59:30,428 - INFO - Fixing hydrogen for batch 82/100.
2024-04-09 17:59:33,703 - INFO - Fixing hydrogen for batch 83/100.
2024-04-09 17:59:36,963 - INFO - Fixing hydrogen for batch 84/100.
2024-04-09 17:59:40,036 - INFO - Fixing hydrogen for batch 85/100.
2024-04-09 17:59:43,076 - INFO - Fixing hydrogen for batch 86/100.
2024-04-09 17:59:46,024 - INFO - Fixing hydrogen for batch 87/100.
2024-04-09 17:59:48,955 - INFO - Fixing hydrogen for batch 88/100.
2024-04-09 17:59:51,934 - INFO - Fixing hydrogen for batch 89/100.
2024-04-09 17:59:55,196 - INFO - Fixing hydrogen for batch 90/100.
2024-04-09 17:59:58,642 - INFO - Fixing hydrogen for batch 91/100.
2024-04-09 18:00:01,805 - INFO - Fixing hydrogen for batch 92/100.
2024-04-09 18:00:04,838 - INFO - Fixing hydrogen for batch 93/100.
2024-04-09 18:00:07,852 - INFO - Fixing hydrogen for batch 94/100.
2024-04-09 18:00:11,033 - INFO - Fixing hydrogen for batch 95/100.
2024-04-09 18:00:14,075 - INFO - Fixing hydrogen for batch 96/100.
2024-04-09 18:00:17,123 - INFO - Fixing hydrogen for batch 97/100.
2024-04-09 18:00:20,244 - INFO - Fixing hydrogen for batch 98/100.
2024-04-09 18:00:23,345 - INFO - Fixing hydrogen for batch 99/100.
2024-04-09 18:00:25,118 - INFO - Fixing hydrogen for batch 100/100.
2024-04-09 18:00:53,569 - INFO - Combining and save data
2024-04-09 18:00:53,570 - INFO - Number of correct mappers:37733
2024-04-09 18:00:53,570 - INFO - Number of incorrect mappers:11934
2024-04-09 18:00:53,570 - INFO - Number of uncertain hydrogen:35
2024-04-09 18:01:29,336 - INFO - Curating incorrect mappings.
2024-04-09 18:01:29,337 - INFO - Processing batch 1/24
2024-04-09 18:01:29,732 - INFO - Processing batch 2/24
2024-04-09 18:01:30,136 - INFO - Processing batch 3/24
2024-04-09 18:01:30,516 - INFO - Processing batch 4/24
2024-04-09 18:01:30,945 - INFO - Processing batch 5/24
2024-04-09 18:01:31,422 - INFO - Processing batch 6/24
2024-04-09 18:01:31,837 - INFO - Processing batch 7/24
2024-04-09 18:01:32,233 - INFO - Processing batch 8/24
2024-04-09 18:01:32,620 - INFO - Processing batch 9/24
2024-04-09 18:01:33,007 - INFO - Processing batch 10/24
2024-04-09 18:01:33,431 - INFO - Processing batch 11/24
2024-04-09 18:01:33,809 - INFO - Processing batch 12/24
2024-04-09 18:01:34,180 - INFO - Processing batch 13/24
2024-04-09 18:01:34,563 - INFO - Processing batch 14/24
2024-04-09 18:01:34,973 - INFO - Processing batch 15/24
2024-04-09 18:01:35,344 - INFO - Processing batch 16/24
2024-04-09 18:01:37,106 - INFO - Processing batch 17/24
2024-04-09 18:01:37,484 - INFO - Processing batch 18/24
2024-04-09 18:01:37,912 - INFO - Processing batch 19/24
2024-04-09 18:01:38,289 - INFO - Processing batch 20/24
2024-04-09 18:01:38,679 - INFO - Processing batch 21/24
2024-04-09 18:01:39,087 - INFO - Processing batch 22/24
2024-04-09 18:01:39,465 - INFO - Processing batch 23/24
2024-04-09 18:01:39,838 - INFO - Processing batch 24/24
2024-04-09 18:01:40,263 - INFO - incorrect mappings fixed: 233
2024-04-09 18:01:40,281 - INFO - Data all for alignment: 37966
2024-04-09 18:01:40,281 - INFO - Clustering ITS graphs.
2024-04-09 18:02:09,592 - INFO - Number of clusters: naive_cluster
0      17375
4       4507
2       4444
1       1642
3       1208
       ...  
124        1
125        1
126        1
93         1
162        1
Name: count, Length: 163, dtype: int64
2024-04-09 18:02:09,592 - INFO - Execution time: 411.73 seconds
