2024-06-10 11:15:01,505 - INFO - Processing data USPTO_50K with 4 cpus
2024-06-10 11:15:05,399 - INFO - Fixing hydrogen for batch 1/81.
2024-06-10 11:15:10,278 - INFO - Fixing hydrogen for batch 2/81.
2024-06-10 11:15:15,827 - INFO - Fixing hydrogen for batch 3/81.
2024-06-10 11:15:24,268 - INFO - Fixing hydrogen for batch 4/81.
2024-06-10 11:15:32,827 - INFO - Fixing hydrogen for batch 5/81.
2024-06-10 11:15:40,431 - INFO - Fixing hydrogen for batch 6/81.
2024-06-10 11:15:47,763 - INFO - Fixing hydrogen for batch 7/81.
2024-06-10 11:15:55,420 - INFO - Fixing hydrogen for batch 8/81.
2024-06-10 11:16:03,022 - INFO - Fixing hydrogen for batch 9/81.
2024-06-10 11:16:10,391 - INFO - Fixing hydrogen for batch 10/81.
2024-06-10 11:16:17,973 - INFO - Fixing hydrogen for batch 11/81.
2024-06-10 11:16:25,168 - INFO - Fixing hydrogen for batch 12/81.
2024-06-10 11:16:32,338 - INFO - Fixing hydrogen for batch 13/81.
2024-06-10 11:16:39,769 - INFO - Fixing hydrogen for batch 14/81.
2024-06-10 11:16:47,303 - INFO - Fixing hydrogen for batch 15/81.
2024-06-10 11:16:54,309 - INFO - Fixing hydrogen for batch 16/81.
2024-06-10 11:17:01,596 - INFO - Fixing hydrogen for batch 17/81.
2024-06-10 11:17:08,528 - INFO - Fixing hydrogen for batch 18/81.
2024-06-10 11:17:15,868 - INFO - Fixing hydrogen for batch 19/81.
2024-06-10 11:17:23,118 - INFO - Fixing hydrogen for batch 20/81.
2024-06-10 11:17:30,860 - INFO - Fixing hydrogen for batch 21/81.
2024-06-10 11:17:40,903 - INFO - Fixing hydrogen for batch 22/81.
2024-06-10 11:17:49,188 - INFO - Fixing hydrogen for batch 23/81.
2024-06-10 11:17:56,532 - INFO - Fixing hydrogen for batch 24/81.
2024-06-10 11:18:05,165 - INFO - Fixing hydrogen for batch 25/81.
2024-06-10 11:18:13,878 - INFO - Fixing hydrogen for batch 26/81.
2024-06-10 11:18:21,133 - INFO - Fixing hydrogen for batch 27/81.
2024-06-10 11:18:28,050 - INFO - Fixing hydrogen for batch 28/81.
2024-06-10 11:18:35,547 - INFO - Fixing hydrogen for batch 29/81.
2024-06-10 11:18:42,669 - INFO - Fixing hydrogen for batch 30/81.
2024-06-10 11:18:50,235 - INFO - Fixing hydrogen for batch 31/81.
2024-06-10 11:18:57,983 - INFO - Fixing hydrogen for batch 32/81.
2024-06-10 11:19:08,481 - INFO - Fixing hydrogen for batch 33/81.
2024-06-10 11:19:16,900 - INFO - Fixing hydrogen for batch 34/81.
2024-06-10 11:19:25,054 - INFO - Fixing hydrogen for batch 35/81.
2024-06-10 11:19:32,008 - INFO - Fixing hydrogen for batch 36/81.
2024-06-10 11:19:39,241 - INFO - Fixing hydrogen for batch 37/81.
2024-06-10 11:19:46,367 - INFO - Fixing hydrogen for batch 38/81.
2024-06-10 11:19:54,258 - INFO - Fixing hydrogen for batch 39/81.
2024-06-10 11:20:02,099 - INFO - Fixing hydrogen for batch 40/81.
2024-06-10 11:20:09,693 - INFO - Fixing hydrogen for batch 41/81.
2024-06-10 11:20:17,561 - INFO - Fixing hydrogen for batch 42/81.
2024-06-10 11:20:25,666 - INFO - Fixing hydrogen for batch 43/81.
2024-06-10 11:20:34,670 - INFO - Fixing hydrogen for batch 44/81.
2024-06-10 11:20:42,190 - INFO - Fixing hydrogen for batch 45/81.
2024-06-10 11:20:50,092 - INFO - Fixing hydrogen for batch 46/81.
2024-06-10 11:20:58,171 - INFO - Fixing hydrogen for batch 47/81.
2024-06-10 11:21:05,622 - INFO - Fixing hydrogen for batch 48/81.
2024-06-10 11:21:13,255 - INFO - Fixing hydrogen for batch 49/81.
2024-06-10 11:21:20,764 - INFO - Fixing hydrogen for batch 50/81.
2024-06-10 11:21:28,488 - INFO - Fixing hydrogen for batch 51/81.
2024-06-10 11:21:37,051 - INFO - Fixing hydrogen for batch 52/81.
2024-06-10 11:21:44,651 - INFO - Fixing hydrogen for batch 53/81.
2024-06-10 11:21:52,690 - INFO - Fixing hydrogen for batch 54/81.
2024-06-10 11:22:01,854 - INFO - Fixing hydrogen for batch 55/81.
2024-06-10 11:22:10,180 - INFO - Fixing hydrogen for batch 56/81.
2024-06-10 11:22:19,709 - INFO - Fixing hydrogen for batch 57/81.
2024-06-10 11:22:27,736 - INFO - Fixing hydrogen for batch 58/81.
2024-06-10 11:22:35,619 - INFO - Fixing hydrogen for batch 59/81.
2024-06-10 11:22:43,253 - INFO - Fixing hydrogen for batch 60/81.
2024-06-10 11:22:51,194 - INFO - Fixing hydrogen for batch 61/81.
2024-06-10 11:22:59,395 - INFO - Fixing hydrogen for batch 62/81.
2024-06-10 11:23:07,782 - INFO - Fixing hydrogen for batch 63/81.
2024-06-10 11:23:14,841 - INFO - Fixing hydrogen for batch 64/81.
2024-06-10 11:23:21,772 - INFO - Fixing hydrogen for batch 65/81.
2024-06-10 11:23:29,047 - INFO - Fixing hydrogen for batch 66/81.
2024-06-10 11:23:36,467 - INFO - Fixing hydrogen for batch 67/81.
2024-06-10 11:23:43,810 - INFO - Fixing hydrogen for batch 68/81.
2024-06-10 11:23:51,233 - INFO - Fixing hydrogen for batch 69/81.
2024-06-10 11:23:59,276 - INFO - Fixing hydrogen for batch 70/81.
2024-06-10 11:24:06,713 - INFO - Fixing hydrogen for batch 71/81.
2024-06-10 11:24:13,732 - INFO - Fixing hydrogen for batch 72/81.
2024-06-10 11:24:21,119 - INFO - Fixing hydrogen for batch 73/81.
2024-06-10 11:24:28,265 - INFO - Fixing hydrogen for batch 74/81.
2024-06-10 11:24:35,179 - INFO - Fixing hydrogen for batch 75/81.
2024-06-10 11:24:42,583 - INFO - Fixing hydrogen for batch 76/81.
2024-06-10 11:24:49,155 - INFO - Fixing hydrogen for batch 77/81.
2024-06-10 11:24:55,796 - INFO - Fixing hydrogen for batch 78/81.
2024-06-10 11:25:02,919 - INFO - Fixing hydrogen for batch 79/81.
2024-06-10 11:25:09,889 - INFO - Fixing hydrogen for batch 80/81.
2024-06-10 11:25:11,040 - INFO - Fixing hydrogen for batch 81/81.
2024-06-10 11:25:55,169 - INFO - Combining and save data
2024-06-10 11:25:55,170 - INFO - Number of correct mappers:34584
2024-06-10 11:25:55,170 - INFO - Number of incorrect mappers:5238
2024-06-10 11:25:55,170 - INFO - Number of uncertain hydrogen:190
2024-06-10 11:26:31,206 - INFO - Execution time: 689.70 seconds
